C:\USERS\SONNE\DESKTOP\DUILIB_DEMO\SETTINGS\X64\RELEASE\LOGS.OBJ
C:\USERS\SONNE\DESKTOP\DUILIB_DEMO\SETTINGS\X64\RELEASE\FINGER_MANAGE.OBJ
C:\USERS\SONNE\DESKTOP\DUILIB_DEMO\SETTINGS\X64\RELEASE\FILE_UTILS.OBJ
C:\USERS\SONNE\DESKTOP\DUILIB_DEMO\SETTINGS\X64\RELEASE\DEV_MANAGE.OBJ
C:\USERS\SONNE\DESKTOP\DUILIB_DEMO\SETTINGS\X64\RELEASE\MANAGECURDEVSYNCH.OBJ
C:\USERS\SONNE\DESKTOP\DUILIB_DEMO\SETTINGS\X64\RELEASE\EDITUSER.OBJ
C:\USERS\SONNE\DESKTOP\DUILIB_DEMO\SETTINGS\X64\RELEASE\EDITFINGERNAME.OBJ
C:\USERS\SONNE\DESKTOP\DUILIB_DEMO\SETTINGS\X64\RELEASE\EDITCERT.OBJ
C:\USERS\SONNE\DESKTOP\DUILIB_DEMO\SETTINGS\X64\RELEASE\CURUSERSMANAGESYNCHMENUWND.OBJ
C:\USERS\SONNE\DESKTOP\DUILIB_DEMO\SETTINGS\X64\RELEASE\CURUSERMANAGEMENUWND.OBJ
C:\USERS\SONNE\DESKTOP\DUILIB_DEMO\SETTINGS\X64\RELEASE\CURDEVCERTS.OBJ
C:\USERS\SONNE\DESKTOP\DUILIB_DEMO\SETTINGS\X64\RELEASE\CHECKCURDEVFINGERS.OBJ
C:\USERS\SONNE\DESKTOP\DUILIB_DEMO\SETTINGS\X64\RELEASE\CERT_MANAGE.OBJ
C:\USERS\SONNE\DESKTOP\DUILIB_DEMO\SETTINGS\X64\RELEASE\CERTS.OBJ
C:\USERS\SONNE\DESKTOP\DUILIB_DEMO\SETTINGS\X64\RELEASE\ADMIN_LOGIN.OBJ
C:\USERS\SONNE\DESKTOP\DUILIB_DEMO\SETTINGS\X64\RELEASE\ADMINS.OBJ
C:\USERS\SONNE\DESKTOP\DUILIB_DEMO\SETTINGS\X64\RELEASE\ADD_USER_FINGER.OBJ
C:\USERS\SONNE\DESKTOP\DUILIB_DEMO\SETTINGS\X64\RELEASE\ADD_USER1.OBJ
C:\USERS\SONNE\DESKTOP\DUILIB_DEMO\SETTINGS\X64\RELEASE\ADD_CERT.OBJ
C:\USERS\SONNE\DESKTOP\DUILIB_DEMO\SETTINGS\X64\RELEASE\ADD_ADMIN.OBJ
C:\USERS\SONNE\DESKTOP\DUILIB_DEMO\SETTINGS\X64\RELEASE\USER_MANAGE.OBJ
C:\USERS\SONNE\DESKTOP\DUILIB_DEMO\SETTINGS\X64\RELEASE\STR_UTILS.OBJ
C:\USERS\SONNE\DESKTOP\DUILIB_DEMO\SETTINGS\X64\RELEASE\SQLITE_UTILS.OBJ
C:\USERS\SONNE\DESKTOP\DUILIB_DEMO\SETTINGS\X64\RELEASE\SETTINGS.OBJ
C:\USERS\SONNE\DESKTOP\DUILIB_DEMO\SETTINGS\X64\RELEASE\SEL_USER_IMPT.OBJ
C:\USERS\SONNE\DESKTOP\DUILIB_DEMO\SETTINGS\X64\RELEASE\PAGE_UTILS.OBJ
C:\USERS\SONNE\DESKTOP\DUILIB_DEMO\SETTINGS\X64\RELEASE\PAGE_INFO.OBJ
C:\USERS\SONNE\DESKTOP\DUILIB_DEMO\SETTINGS\X64\RELEASE\MY_LOG.OBJ
C:\USERS\SONNE\DESKTOP\DUILIB_DEMO\SETTINGS\X64\RELEASE\MENUWND3.OBJ
C:\USERS\SONNE\DESKTOP\DUILIB_DEMO\SETTINGS\X64\RELEASE\MENUWND2.OBJ
C:\USERS\SONNE\DESKTOP\DUILIB_DEMO\SETTINGS\X64\RELEASE\MENUWND.OBJ
C:\USERS\SONNE\DESKTOP\DUILIB_DEMO\SETTINGS\X64\RELEASE\MENUFINGERMANAGE.OBJ
C:\USERS\SONNE\DESKTOP\DUILIB_DEMO\SETTINGS\X64\RELEASE\MENUCERTMANAGE.OBJ
C:\USERS\SONNE\DESKTOP\DUILIB_DEMO\SETTINGS\X64\RELEASE\MENU3.OBJ
C:\USERS\SONNE\DESKTOP\DUILIB_DEMO\SETTINGS\X64\RELEASE\MANAGECURDEVNOTSYNCH.OBJ
C:\USERS\SONNE\DESKTOP\DUILIB_DEMO\SETTINGS\X64\RELEASE\MAIN_WIN.OBJ
C:\USERS\SONNE\DESKTOP\DUILIB_DEMO\SETTINGS\X64\RELEASE\VC110.PDB
C:\USERS\SONNE\DESKTOP\DUILIB_DEMO\X64\RELEASE\DUILIB_DEMO.EXE
C:\USERS\SONNE\DESKTOP\DUILIB_DEMO\X64\RELEASE\DUILIB_DEMO.PDB
C:\USERS\SONNE\DESKTOP\DUILIB_DEMO\SETTINGS\X64\RELEASE\SETTINGS.RES
C:\Users\sonne\Desktop\DUILIB_DEMO\Settings\x64\Release\add_admin.obj
C:\Users\sonne\Desktop\DUILIB_DEMO\Settings\x64\Release\add_cert.obj
C:\Users\sonne\Desktop\DUILIB_DEMO\Settings\x64\Release\add_user1.obj
C:\Users\sonne\Desktop\DUILIB_DEMO\Settings\x64\Release\add_user_finger.obj
C:\Users\sonne\Desktop\DUILIB_DEMO\Settings\x64\Release\admins.obj
C:\Users\sonne\Desktop\DUILIB_DEMO\Settings\x64\Release\admin_login.obj
C:\Users\sonne\Desktop\DUILIB_DEMO\Settings\x64\Release\certs.obj
C:\Users\sonne\Desktop\DUILIB_DEMO\Settings\x64\Release\cert_manage.obj
C:\Users\sonne\Desktop\DUILIB_DEMO\Settings\x64\Release\CheckCurDevFingers.obj
C:\Users\sonne\Desktop\DUILIB_DEMO\Settings\x64\Release\CurDevCerts.obj
C:\Users\sonne\Desktop\DUILIB_DEMO\Settings\x64\Release\CurUserManageMenuWnd.obj
C:\Users\sonne\Desktop\DUILIB_DEMO\Settings\x64\Release\CurUsersManageSynchMenuWnd.obj
C:\Users\sonne\Desktop\DUILIB_DEMO\Settings\x64\Release\dev_manage.obj
C:\Users\sonne\Desktop\DUILIB_DEMO\Settings\x64\Release\EditCert.obj
C:\Users\sonne\Desktop\DUILIB_DEMO\Settings\x64\Release\EditFingerName.obj
C:\Users\sonne\Desktop\DUILIB_DEMO\Settings\x64\Release\EditUser.obj
C:\Users\sonne\Desktop\DUILIB_DEMO\Settings\x64\Release\file_utils.obj
C:\Users\sonne\Desktop\DUILIB_DEMO\Settings\x64\Release\finger_manage.obj
C:\Users\sonne\Desktop\DUILIB_DEMO\Settings\x64\Release\logs.obj
C:\Users\sonne\Desktop\DUILIB_DEMO\Settings\x64\Release\main_win.obj
C:\Users\sonne\Desktop\DUILIB_DEMO\Settings\x64\Release\ManageCurDevNotSynch.obj
C:\Users\sonne\Desktop\DUILIB_DEMO\Settings\x64\Release\ManageCurDevSynch.obj
C:\Users\sonne\Desktop\DUILIB_DEMO\Settings\x64\Release\Menu3.obj
C:\Users\sonne\Desktop\DUILIB_DEMO\Settings\x64\Release\MenuCertManage.obj
C:\Users\sonne\Desktop\DUILIB_DEMO\Settings\x64\Release\MenuFingerManage.obj
C:\Users\sonne\Desktop\DUILIB_DEMO\Settings\x64\Release\MenuWnd.obj
C:\Users\sonne\Desktop\DUILIB_DEMO\Settings\x64\Release\MenuWnd2.obj
C:\Users\sonne\Desktop\DUILIB_DEMO\Settings\x64\Release\MenuWnd3.obj
C:\Users\sonne\Desktop\DUILIB_DEMO\Settings\x64\Release\my_log.obj
C:\Users\sonne\Desktop\DUILIB_DEMO\Settings\x64\Release\page_info.obj
C:\Users\sonne\Desktop\DUILIB_DEMO\Settings\x64\Release\page_utils.obj
C:\Users\sonne\Desktop\DUILIB_DEMO\Settings\x64\Release\sel_user_impt.obj
C:\Users\sonne\Desktop\DUILIB_DEMO\Settings\x64\Release\Settings.obj
C:\Users\sonne\Desktop\DUILIB_DEMO\Settings\x64\Release\sqlite_utils.obj
C:\Users\sonne\Desktop\DUILIB_DEMO\Settings\x64\Release\str_utils.obj
C:\Users\sonne\Desktop\DUILIB_DEMO\Settings\x64\Release\user_manage.obj
C:\Users\sonne\Desktop\DUILIB_DEMO\Settings\x64\Release\cl.command.1.tlog
C:\Users\sonne\Desktop\DUILIB_DEMO\Settings\x64\Release\CL.read.1.tlog
C:\Users\sonne\Desktop\DUILIB_DEMO\Settings\x64\Release\CL.write.1.tlog
C:\Users\sonne\Desktop\DUILIB_DEMO\Settings\x64\Release\link-cvtres.read.1.tlog
C:\Users\sonne\Desktop\DUILIB_DEMO\Settings\x64\Release\link-cvtres.write.1.tlog
C:\Users\sonne\Desktop\DUILIB_DEMO\Settings\x64\Release\link-rc.read.1.tlog
C:\Users\sonne\Desktop\DUILIB_DEMO\Settings\x64\Release\link-rc.write.1.tlog
C:\Users\sonne\Desktop\DUILIB_DEMO\Settings\x64\Release\link.command.1.tlog
C:\Users\sonne\Desktop\DUILIB_DEMO\Settings\x64\Release\link.read.1.tlog
C:\Users\sonne\Desktop\DUILIB_DEMO\Settings\x64\Release\link.read.5.tlog
C:\Users\sonne\Desktop\DUILIB_DEMO\Settings\x64\Release\link.write.1.tlog
C:\Users\sonne\Desktop\DUILIB_DEMO\Settings\x64\Release\rc.command.1.tlog
C:\Users\sonne\Desktop\DUILIB_DEMO\Settings\x64\Release\rc.read.1.tlog
C:\Users\sonne\Desktop\DUILIB_DEMO\Settings\x64\Release\rc.write.1.tlog
C:\Users\sonne\Desktop\DUILIB_DEMO\Settings\x64\Release\Settings.res
C:\Users\sonne\Desktop\DUILIB_DEMO\Settings\x64\Release\vc110.pdb
C:\Users\sonne\Desktop\DUILIB_DEMO\x64\Release\DUILIB_DEMO.pdb
C:\Users\sonne\Desktop\DUILIB_DEMO\x64\Release\DUILIB_DEMO.exe
