D:\C_WORKSPACE\DUILIB\DUILIB\BUILD\RELEASE\DUILIB.PCH
D:\C_WORKSPACE\DUILIB\DUILIB\X64\RELEASE\STDAFX.OBJ
D:\C_WORKSPACE\DUILIB\DUILIB\X64\RELEASE\VC110.PDB
D:\C_WORKSPACE\DUILIB\DUILIB\X64\RELEASE\UIBUTTON.OBJ
D:\C_WORKSPACE\DUILIB\DUILIB\X64\RELEASE\UIACTIVEX.OBJ
D:\C_WORKSPACE\DUILIB\DUILIB\X64\RELEASE\UIVERTICALLAYOUT.OBJ
D:\C_WORKSPACE\DUILIB\DUILIB\X64\RELEASE\UITILELAYOUT.OBJ
D:\C_WORKSPACE\DUILIB\DUILIB\X64\RELEASE\UITABLAYOUT.OBJ
D:\C_WORKSPACE\DUILIB\DUILIB\X64\RELEASE\UIHORIZONTALLAYOUT.OBJ
D:\C_WORKSPACE\DUILIB\DUILIB\X64\RELEASE\UICHILDLAYOUT.OBJ
D:\C_WORKSPACE\DUILIB\DUILIB\X64\RELEASE\UIRENDER.OBJ
D:\C_WORKSPACE\DUILIB\DUILIB\X64\RELEASE\UIMARKUP.OBJ
D:\C_WORKSPACE\DUILIB\DUILIB\X64\RELEASE\UIMANAGER.OBJ
D:\C_WORKSPACE\DUILIB\DUILIB\X64\RELEASE\UIDLGBUILDER.OBJ
D:\C_WORKSPACE\DUILIB\DUILIB\X64\RELEASE\UICONTROL.OBJ
D:\C_WORKSPACE\DUILIB\DUILIB\X64\RELEASE\UICONTAINER.OBJ
D:\C_WORKSPACE\DUILIB\DUILIB\X64\RELEASE\UIBASE.OBJ
D:\C_WORKSPACE\DUILIB\DUILIB\X64\RELEASE\WNDSHADOW.OBJ
D:\C_WORKSPACE\DUILIB\DUILIB\X64\RELEASE\UTILS.OBJ
D:\C_WORKSPACE\DUILIB\DUILIB\X64\RELEASE\UIDELEGATE.OBJ
D:\C_WORKSPACE\DUILIB\DUILIB\X64\RELEASE\WINIMPLBASE.OBJ
D:\C_WORKSPACE\DUILIB\DUILIB\X64\RELEASE\UILIB.OBJ
D:\C_WORKSPACE\DUILIB\DUILIB\X64\RELEASE\UITREEVIEW.OBJ
D:\C_WORKSPACE\DUILIB\DUILIB\X64\RELEASE\UIWEBBROWSER.OBJ
D:\C_WORKSPACE\DUILIB\DUILIB\X64\RELEASE\UITEXT.OBJ
D:\C_WORKSPACE\DUILIB\DUILIB\X64\RELEASE\UISLIDER.OBJ
D:\C_WORKSPACE\DUILIB\DUILIB\X64\RELEASE\UISCROLLBAR.OBJ
D:\C_WORKSPACE\DUILIB\DUILIB\X64\RELEASE\UIRICHEDIT.OBJ
D:\C_WORKSPACE\DUILIB\DUILIB\X64\RELEASE\UIPROGRESS.OBJ
D:\C_WORKSPACE\DUILIB\DUILIB\X64\RELEASE\UIOPTION.OBJ
D:\C_WORKSPACE\DUILIB\DUILIB\X64\RELEASE\UILIST.OBJ
D:\C_WORKSPACE\DUILIB\DUILIB\X64\RELEASE\UILABEL.OBJ
D:\C_WORKSPACE\DUILIB\DUILIB\X64\RELEASE\UIGIFANIM.OBJ
D:\C_WORKSPACE\DUILIB\DUILIB\X64\RELEASE\UIEDIT.OBJ
D:\C_WORKSPACE\DUILIB\DUILIB\X64\RELEASE\UIDATETIME.OBJ
D:\C_WORKSPACE\DUILIB\DUILIB\X64\RELEASE\UICOMBO.OBJ
D:\C_WORKSPACE\DUILIB\DUILIB\X64\RELEASE\UICHECKBOX.OBJ
D:\C_WORKSPACE\DUILIB\DUILIB\X64\RELEASE\STB_IMAGE.OBJ
D:\C_WORKSPACE\DUILIB\DUILIB\X64\RELEASE\XUNZIP.OBJ
D:\c_workspace\duilib\Lib\DuiLib.lib
D:\c_workspace\duilib\Lib\DuiLib.exp
D:\C_WORKSPACE\DUILIB\BIN\DUILIB.DLL
D:\c_workspace\duilib\DuiLib\x64\Release\stb_image.obj
D:\c_workspace\duilib\DuiLib\x64\Release\StdAfx.obj
D:\c_workspace\duilib\DuiLib\x64\Release\UIActiveX.obj
D:\c_workspace\duilib\DuiLib\x64\Release\UIBase.obj
D:\c_workspace\duilib\DuiLib\x64\Release\UIButton.obj
D:\c_workspace\duilib\DuiLib\x64\Release\UICheckBox.obj
D:\c_workspace\duilib\DuiLib\x64\Release\UIChildLayout.obj
D:\c_workspace\duilib\DuiLib\x64\Release\UICombo.obj
D:\c_workspace\duilib\DuiLib\x64\Release\UIContainer.obj
D:\c_workspace\duilib\DuiLib\x64\Release\UIControl.obj
D:\c_workspace\duilib\DuiLib\x64\Release\UIDateTime.obj
D:\c_workspace\duilib\DuiLib\x64\Release\UIDelegate.obj
D:\c_workspace\duilib\DuiLib\x64\Release\UIDlgBuilder.obj
D:\c_workspace\duilib\DuiLib\x64\Release\UIEdit.obj
D:\c_workspace\duilib\DuiLib\x64\Release\UIGifAnim.obj
D:\c_workspace\duilib\DuiLib\x64\Release\UIHorizontalLayout.obj
D:\c_workspace\duilib\DuiLib\x64\Release\UILabel.obj
D:\c_workspace\duilib\DuiLib\x64\Release\UIlib.obj
D:\c_workspace\duilib\DuiLib\x64\Release\UIList.obj
D:\c_workspace\duilib\DuiLib\x64\Release\UIManager.obj
D:\c_workspace\duilib\DuiLib\x64\Release\UIMarkup.obj
D:\c_workspace\duilib\DuiLib\x64\Release\UIOption.obj
D:\c_workspace\duilib\DuiLib\x64\Release\UIProgress.obj
D:\c_workspace\duilib\DuiLib\x64\Release\UIRender.obj
D:\c_workspace\duilib\DuiLib\x64\Release\UIRichEdit.obj
D:\c_workspace\duilib\DuiLib\x64\Release\UIScrollBar.obj
D:\c_workspace\duilib\DuiLib\x64\Release\UISlider.obj
D:\c_workspace\duilib\DuiLib\x64\Release\UITabLayout.obj
D:\c_workspace\duilib\DuiLib\x64\Release\UIText.obj
D:\c_workspace\duilib\DuiLib\x64\Release\UITileLayout.obj
D:\c_workspace\duilib\DuiLib\x64\Release\UITreeView.obj
D:\c_workspace\duilib\DuiLib\x64\Release\UIVerticalLayout.obj
D:\c_workspace\duilib\DuiLib\x64\Release\UIWebBrowser.obj
D:\c_workspace\duilib\DuiLib\x64\Release\Utils.obj
D:\c_workspace\duilib\DuiLib\x64\Release\WinImplBase.obj
D:\c_workspace\duilib\DuiLib\x64\Release\WndShadow.obj
D:\c_workspace\duilib\DuiLib\x64\Release\XUnzip.obj
D:\c_workspace\duilib\DuiLib\x64\Release\cl.command.1.tlog
D:\c_workspace\duilib\DuiLib\x64\Release\CL.read.1.tlog
D:\c_workspace\duilib\DuiLib\x64\Release\CL.write.1.tlog
D:\c_workspace\duilib\DuiLib\x64\Release\DuiLib.write.1.tlog
D:\c_workspace\duilib\DuiLib\x64\Release\link.command.1.tlog
D:\c_workspace\duilib\DuiLib\x64\Release\link.read.1.tlog
D:\c_workspace\duilib\DuiLib\x64\Release\link.write.1.tlog
D:\c_workspace\duilib\DuiLib\x64\Release\vc110.pdb
