D:\C_WORKSPACE\DUILIB\DUILIB\BUILD\RELEASE\DUILIB.PCH
D:\C_WORKSPACE\DUILIB\DUILIB\BUILD\RELEASE\STDAFX.OBJ
D:\C_WORKSPACE\DUILIB\DUILIB\BUILD\RELEASE\VC110.PDB
D:\C_WORKSPACE\DUILIB\DUILIB\BUILD\RELEASE\UIBUTTON.OBJ
D:\C_WORKSPACE\DUILIB\DUILIB\BUILD\RELEASE\UIACTIVEX.OBJ
D:\C_WORKSPACE\DUILIB\DUILIB\BUILD\RELEASE\UIVERTICALLAYOUT.OBJ
D:\C_WORKSPACE\DUILIB\DUILIB\BUILD\RELEASE\UITILELAYOUT.OBJ
D:\C_WORKSPACE\DUILIB\DUILIB\BUILD\RELEASE\UITABLAYOUT.OBJ
D:\C_WORKSPACE\DUILIB\DUILIB\BUILD\RELEASE\UIHORIZONTALLAYOUT.OBJ
D:\C_WORKSPACE\DUILIB\DUILIB\BUILD\RELEASE\UICHILDLAYOUT.OBJ
D:\C_WORKSPACE\DUILIB\DUILIB\BUILD\RELEASE\UIRENDER.OBJ
D:\C_WORKSPACE\DUILIB\DUILIB\BUILD\RELEASE\UIMARKUP.OBJ
D:\C_WORKSPACE\DUILIB\DUILIB\BUILD\RELEASE\UIMANAGER.OBJ
D:\C_WORKSPACE\DUILIB\DUILIB\BUILD\RELEASE\UIDLGBUILDER.OBJ
D:\C_WORKSPACE\DUILIB\DUILIB\BUILD\RELEASE\UICONTROL.OBJ
D:\C_WORKSPACE\DUILIB\DUILIB\BUILD\RELEASE\UICONTAINER.OBJ
D:\C_WORKSPACE\DUILIB\DUILIB\BUILD\RELEASE\UIBASE.OBJ
D:\C_WORKSPACE\DUILIB\DUILIB\BUILD\RELEASE\WNDSHADOW.OBJ
D:\C_WORKSPACE\DUILIB\DUILIB\BUILD\RELEASE\UTILS.OBJ
D:\C_WORKSPACE\DUILIB\DUILIB\BUILD\RELEASE\UIDELEGATE.OBJ
D:\C_WORKSPACE\DUILIB\DUILIB\BUILD\RELEASE\WINIMPLBASE.OBJ
D:\C_WORKSPACE\DUILIB\DUILIB\BUILD\RELEASE\UILIB.OBJ
D:\C_WORKSPACE\DUILIB\DUILIB\BUILD\RELEASE\UITREEVIEW.OBJ
D:\C_WORKSPACE\DUILIB\DUILIB\BUILD\RELEASE\UIWEBBROWSER.OBJ
D:\C_WORKSPACE\DUILIB\DUILIB\BUILD\RELEASE\UITEXT.OBJ
D:\C_WORKSPACE\DUILIB\DUILIB\BUILD\RELEASE\UISLIDER.OBJ
D:\C_WORKSPACE\DUILIB\DUILIB\BUILD\RELEASE\UISCROLLBAR.OBJ
D:\C_WORKSPACE\DUILIB\DUILIB\BUILD\RELEASE\UIRICHEDIT.OBJ
D:\C_WORKSPACE\DUILIB\DUILIB\BUILD\RELEASE\UIPROGRESS.OBJ
D:\C_WORKSPACE\DUILIB\DUILIB\BUILD\RELEASE\UIOPTION.OBJ
D:\C_WORKSPACE\DUILIB\DUILIB\BUILD\RELEASE\UILIST.OBJ
D:\C_WORKSPACE\DUILIB\DUILIB\BUILD\RELEASE\UILABEL.OBJ
D:\C_WORKSPACE\DUILIB\DUILIB\BUILD\RELEASE\UIGIFANIM.OBJ
D:\C_WORKSPACE\DUILIB\DUILIB\BUILD\RELEASE\UIEDIT.OBJ
D:\C_WORKSPACE\DUILIB\DUILIB\BUILD\RELEASE\UIDATETIME.OBJ
D:\C_WORKSPACE\DUILIB\DUILIB\BUILD\RELEASE\UICOMBO.OBJ
D:\C_WORKSPACE\DUILIB\DUILIB\BUILD\RELEASE\UICHECKBOX.OBJ
D:\C_WORKSPACE\DUILIB\DUILIB\BUILD\RELEASE\STB_IMAGE.OBJ
D:\C_WORKSPACE\DUILIB\DUILIB\BUILD\RELEASE\XUNZIP.OBJ
D:\c_workspace\duilib\Lib\DuiLib.lib
D:\c_workspace\duilib\Lib\DuiLib.exp
D:\C_WORKSPACE\DUILIB\BIN\DUILIB.DLL
D:\c_workspace\duilib\DuiLib\Build\Release\stb_image.obj
D:\c_workspace\duilib\DuiLib\Build\Release\StdAfx.obj
D:\c_workspace\duilib\DuiLib\Build\Release\UIActiveX.obj
D:\c_workspace\duilib\DuiLib\Build\Release\UIBase.obj
D:\c_workspace\duilib\DuiLib\Build\Release\UIButton.obj
D:\c_workspace\duilib\DuiLib\Build\Release\UICheckBox.obj
D:\c_workspace\duilib\DuiLib\Build\Release\UIChildLayout.obj
D:\c_workspace\duilib\DuiLib\Build\Release\UICombo.obj
D:\c_workspace\duilib\DuiLib\Build\Release\UIContainer.obj
D:\c_workspace\duilib\DuiLib\Build\Release\UIControl.obj
D:\c_workspace\duilib\DuiLib\Build\Release\UIDateTime.obj
D:\c_workspace\duilib\DuiLib\Build\Release\UIDelegate.obj
D:\c_workspace\duilib\DuiLib\Build\Release\UIDlgBuilder.obj
D:\c_workspace\duilib\DuiLib\Build\Release\UIEdit.obj
D:\c_workspace\duilib\DuiLib\Build\Release\UIGifAnim.obj
D:\c_workspace\duilib\DuiLib\Build\Release\UIHorizontalLayout.obj
D:\c_workspace\duilib\DuiLib\Build\Release\UILabel.obj
D:\c_workspace\duilib\DuiLib\Build\Release\UIlib.obj
D:\c_workspace\duilib\DuiLib\Build\Release\UIList.obj
D:\c_workspace\duilib\DuiLib\Build\Release\UIManager.obj
D:\c_workspace\duilib\DuiLib\Build\Release\UIMarkup.obj
D:\c_workspace\duilib\DuiLib\Build\Release\UIOption.obj
D:\c_workspace\duilib\DuiLib\Build\Release\UIProgress.obj
D:\c_workspace\duilib\DuiLib\Build\Release\UIRender.obj
D:\c_workspace\duilib\DuiLib\Build\Release\UIRichEdit.obj
D:\c_workspace\duilib\DuiLib\Build\Release\UIScrollBar.obj
D:\c_workspace\duilib\DuiLib\Build\Release\UISlider.obj
D:\c_workspace\duilib\DuiLib\Build\Release\UITabLayout.obj
D:\c_workspace\duilib\DuiLib\Build\Release\UIText.obj
D:\c_workspace\duilib\DuiLib\Build\Release\UITileLayout.obj
D:\c_workspace\duilib\DuiLib\Build\Release\UITreeView.obj
D:\c_workspace\duilib\DuiLib\Build\Release\UIVerticalLayout.obj
D:\c_workspace\duilib\DuiLib\Build\Release\UIWebBrowser.obj
D:\c_workspace\duilib\DuiLib\Build\Release\Utils.obj
D:\c_workspace\duilib\DuiLib\Build\Release\WinImplBase.obj
D:\c_workspace\duilib\DuiLib\Build\Release\WndShadow.obj
D:\c_workspace\duilib\DuiLib\Build\Release\XUnzip.obj
D:\c_workspace\duilib\DuiLib\Build\Release\cl.command.1.tlog
D:\c_workspace\duilib\DuiLib\Build\Release\CL.read.1.tlog
D:\c_workspace\duilib\DuiLib\Build\Release\CL.write.1.tlog
D:\c_workspace\duilib\DuiLib\Build\Release\DuiLib.write.1.tlog
D:\c_workspace\duilib\DuiLib\Build\Release\link.command.1.tlog
D:\c_workspace\duilib\DuiLib\Build\Release\link.read.1.tlog
D:\c_workspace\duilib\DuiLib\Build\Release\link.write.1.tlog
D:\c_workspace\duilib\DuiLib\Build\Release\DuiLib.pch
D:\c_workspace\duilib\DuiLib\Build\Release\vc110.pdb
