D:\C_WORKSPACE\SONNEDEMO\SONNEDEMO\DEBUG\SONNEDEMO.PCH
D:\C_WORKSPACE\SONNEDEMO\SONNEDEMO\DEBUG\STDAFX.OBJ
D:\C_WORKSPACE\SONNEDEMO\SONNEDEMO\DEBUG\VC110.PDB
D:\C_WORKSPACE\SONNEDEMO\SONNEDEMO\DEBUG\SONNEDEMO.OBJ
D:\C_WORKSPACE\SONNEDEMO\DEBUG\SONNEDEMO.ILK
D:\C_WORKSPACE\SONNEDEMO\DEBUG\SONNEDEMO.EXE
D:\C_WORKSPACE\SONNEDEMO\DEBUG\SONNEDEMO.PDB
D:\C_WORKSPACE\SONNEDEMO\SONNEDEMO\DEBUG\SONNEDEMO.RES
D:\c_workspace\SonneDemo\SonneDemo\Debug\SonneDemo.obj
D:\c_workspace\SonneDemo\SonneDemo\Debug\stdafx.obj
D:\c_workspace\SonneDemo\SonneDemo\Debug\cl.command.1.tlog
D:\c_workspace\SonneDemo\SonneDemo\Debug\CL.read.1.tlog
D:\c_workspace\SonneDemo\SonneDemo\Debug\CL.write.1.tlog
D:\c_workspace\SonneDemo\SonneDemo\Debug\link-cvtres.read.1.tlog
D:\c_workspace\SonneDemo\SonneDemo\Debug\link-cvtres.write.1.tlog
D:\c_workspace\SonneDemo\SonneDemo\Debug\link-rc.read.1.tlog
D:\c_workspace\SonneDemo\SonneDemo\Debug\link-rc.write.1.tlog
D:\c_workspace\SonneDemo\SonneDemo\Debug\link.command.1.tlog
D:\c_workspace\SonneDemo\SonneDemo\Debug\link.read.1.tlog
D:\c_workspace\SonneDemo\SonneDemo\Debug\link.write.1.tlog
D:\c_workspace\SonneDemo\SonneDemo\Debug\rc.command.1.tlog
D:\c_workspace\SonneDemo\SonneDemo\Debug\rc.read.1.tlog
D:\c_workspace\SonneDemo\SonneDemo\Debug\rc.write.1.tlog
D:\c_workspace\SonneDemo\SonneDemo\Debug\SonneDemo.res
D:\c_workspace\SonneDemo\SonneDemo\Debug\SonneDemo.pch
D:\c_workspace\SonneDemo\SonneDemo\Debug\vc110.idb
D:\c_workspace\SonneDemo\SonneDemo\Debug\vc110.pdb
D:\c_workspace\SonneDemo\Debug\SonneDemo.pdb
D:\c_workspace\SonneDemo\Debug\SonneDemo.exe
D:\c_workspace\SonneDemo\Debug\SonneDemo.ilk
